0 info it worked if it ends with ok
1 verbose cli [ 'node', '/usr/local/bin/npm', 'install', '-g', 'cordova' ]
2 info using npm@1.4.28
3 info using node@v0.10.33
4 verbose cache add [ 'cordova', null ]
5 verbose cache add name=undefined spec="cordova" args=["cordova",null]
6 verbose parsed url { protocol: null,
6 verbose parsed url   slashes: null,
6 verbose parsed url   auth: null,
6 verbose parsed url   host: null,
6 verbose parsed url   port: null,
6 verbose parsed url   hostname: null,
6 verbose parsed url   hash: null,
6 verbose parsed url   search: null,
6 verbose parsed url   query: null,
6 verbose parsed url   pathname: 'cordova',
6 verbose parsed url   path: 'cordova',
6 verbose parsed url   href: 'cordova' }
7 silly lockFile a98f2055-cordova cordova
8 verbose lock cordova /Users/elambke/.npm/a98f2055-cordova.lock
9 silly lockFile a98f2055-cordova cordova
10 silly lockFile a98f2055-cordova cordova
11 verbose addNamed [ 'cordova', '' ]
12 verbose addNamed [ null, '*' ]
13 silly lockFile de8d9fad-cordova cordova@
14 verbose lock cordova@ /Users/elambke/.npm/de8d9fad-cordova.lock
15 silly addNameRange { name: 'cordova', range: '*', hasData: false }
16 verbose request where is /cordova
17 verbose request registry https://registry.npmjs.org/
18 verbose request id fa518f7a2f80ae12
19 verbose url raw /cordova
20 verbose url resolving [ 'https://registry.npmjs.org/', './cordova' ]
21 verbose url resolved https://registry.npmjs.org/cordova
22 verbose request where is https://registry.npmjs.org/cordova
23 info trying registry request attempt 1 at 11:12:53
24 verbose etag "ERWEULI73916D1NTQVO41Y3XK"
25 http GET https://registry.npmjs.org/cordova
26 http 304 https://registry.npmjs.org/cordova
27 silly registry.get cb [ 304,
27 silly registry.get   { date: 'Sat, 01 Nov 2014 18:12:54 GMT',
27 silly registry.get     server: 'Apache',
27 silly registry.get     via: '1.1 varnish',
27 silly registry.get     'last-modified': 'Sat, 01 Nov 2014 18:12:54 GMT',
27 silly registry.get     'cache-control': 'max-age=60',
27 silly registry.get     etag: '"ERWEULI73916D1NTQVO41Y3XK"',
27 silly registry.get     age: '0',
27 silly registry.get     'x-served-by': 'cache-lax1435-LAX',
27 silly registry.get     'x-cache': 'HIT',
27 silly registry.get     'x-cache-hits': '1',
27 silly registry.get     'x-timer': 'S1414865574.429552,VS0,VE42',
27 silly registry.get     vary: 'Accept',
27 silly registry.get     'content-length': '0',
27 silly registry.get     'keep-alive': 'timeout=10, max=50',
27 silly registry.get     connection: 'Keep-Alive' } ]
28 verbose etag https://registry.npmjs.org/cordova from cache
29 silly addNameRange number 2 { name: 'cordova', range: '*', hasData: true }
30 silly addNameRange versions [ 'cordova',
30 silly addNameRange   [ '0.0.1',
30 silly addNameRange     '0.0.2',
30 silly addNameRange     '0.0.3',
30 silly addNameRange     '0.0.4',
30 silly addNameRange     '0.0.5',
30 silly addNameRange     '0.0.6',
30 silly addNameRange     '0.0.7',
30 silly addNameRange     '0.0.8',
30 silly addNameRange     '0.0.9',
30 silly addNameRange     '0.1.0',
30 silly addNameRange     '0.1.1',
30 silly addNameRange     '0.1.2',
30 silly addNameRange     '0.1.3',
30 silly addNameRange     '0.1.4',
30 silly addNameRange     '0.1.5',
30 silly addNameRange     '0.1.6',
30 silly addNameRange     '0.1.7',
30 silly addNameRange     '0.1.8',
30 silly addNameRange     '0.1.9',
30 silly addNameRange     '0.1.10',
30 silly addNameRange     '0.1.11',
30 silly addNameRange     '0.1.12',
30 silly addNameRange     '0.1.13',
30 silly addNameRange     '0.1.14',
30 silly addNameRange     '2.2.0',
30 silly addNameRange     '2.3.0',
30 silly addNameRange     '2.3.1',
30 silly addNameRange     '2.3.2',
30 silly addNameRange     '2.3.3',
30 silly addNameRange     '2.3.5',
30 silly addNameRange     '2.3.6',
30 silly addNameRange     '2.4.0',
30 silly addNameRange     '2.4.1',
30 silly addNameRange     '2.4.2',
30 silly addNameRange     '2.4.3',
30 silly addNameRange     '2.4.4',
30 silly addNameRange     '2.4.5',
30 silly addNameRange     '2.4.6',
30 silly addNameRange     '2.4.7',
30 silly addNameRange     '2.4.8',
30 silly addNameRange     '2.4.9',
30 silly addNameRange     '2.4.10',
30 silly addNameRange     '2.5.0',
30 silly addNameRange     '2.5.2',
30 silly addNameRange     '2.5.3',
30 silly addNameRange     '2.5.4',
30 silly addNameRange     '2.5.5',
30 silly addNameRange     '2.6.0',
30 silly addNameRange     '2.6.1',
30 silly addNameRange     '2.6.2',
30 silly addNameRange     '2.7.0-rc.1',
30 silly addNameRange     '2.7.1-rc.1',
30 silly addNameRange     '2.7.2',
30 silly addNameRange     '2.7.3',
30 silly addNameRange     '2.7.4',
30 silly addNameRange     '2.8.0',
30 silly addNameRange     '2.8.1',
30 silly addNameRange     '2.8.2',
30 silly addNameRange     '2.8.3',
30 silly addNameRange     '2.8.4',
30 silly addNameRange     '2.8.5',
30 silly addNameRange     '2.8.6',
30 silly addNameRange     '2.8.7',
30 silly addNameRange     '2.8.8',
30 silly addNameRange     '2.8.9',
30 silly addNameRange     '2.8.10',
30 silly addNameRange     '2.8.11',
30 silly addNameRange     '2.8.12',
30 silly addNameRange     '2.8.13',
30 silly addNameRange     '2.8.14',
30 silly addNameRange     '2.8.15',
30 silly addNameRange     '2.8.16',
30 silly addNameRange     '2.8.17',
30 silly addNameRange     '2.8.18',
30 silly addNameRange     '2.8.19',
30 silly addNameRange     '2.8.20',
30 silly addNameRange     '2.8.21',
30 silly addNameRange     '2.8.22',
30 silly addNameRange     '2.8.23',
30 silly addNameRange     '2.8.24',
30 silly addNameRange     '2.8.25',
30 silly addNameRange     '2.9.0',
30 silly addNameRange     '2.9.1',
30 silly addNameRange     '2.9.2',
30 silly addNameRange     '2.9.3',
30 silly addNameRange     '2.9.4',
30 silly addNameRange     '2.9.5',
30 silly addNameRange     '2.9.6',
30 silly addNameRange     '2.9.7',
30 silly addNameRange     '3.0.0-rc1',
30 silly addNameRange     '3.0.0-rc1-1',
30 silly addNameRange     '3.0.0-rc1-3',
30 silly addNameRange     '3.0.0',
30 silly addNameRange     '3.0.1',
30 silly addNameRange     '3.0.2',
30 silly addNameRange     '3.0.3',
30 silly addNameRange     '3.0.4',
30 silly addNameRange     '3.0.5',
30 silly addNameRange     '3.0.6',
30 silly addNameRange     '3.0.7',
30 silly addNameRange     '3.0.8',
30 silly addNameRange     '3.0.9',
30 silly addNameRange     '3.0.10',
30 silly addNameRange     '3.1.0-0.1.0',
30 silly addNameRange     '3.1.0-0.2.0',
30 silly addNameRange     '3.2.0-rc.1',
30 silly addNameRange     '3.2.0-0.1.0',
30 silly addNameRange     '3.2.0-0.2.0',
30 silly addNameRange     '3.2.0-0.3.0',
30 silly addNameRange     '3.2.0-0.4.0',
30 silly addNameRange     '3.3.0-rc.1',
30 silly addNameRange     '3.3.0-0.1.1',
30 silly addNameRange     '3.3.1-0.1.2',
30 silly addNameRange     '2.9.0-rc1',
30 silly addNameRange     '3.3.1-0.3.0',
30 silly addNameRange     '3.3.1-0.3.1',
30 silly addNameRange     '3.3.1-0.4.1',
30 silly addNameRange     '3.3.1-0.4.2',
30 silly addNameRange     '3.4.0-0.1.0',
30 silly addNameRange     '3.4.0-0.1.1',
30 silly addNameRange     '3.4.0-0.1.2',
30 silly addNameRange     '3.4.0-0.1.3',
30 silly addNameRange     '0.0.0-fake',
30 silly addNameRange     '3.4.1-0.1.0',
30 silly addNameRange     '3.5.0-0.2.0',
30 silly addNameRange     '3.5.0-0.2.1',
30 silly addNameRange     '3.5.0-0.2.2',
30 silly addNameRange     '3.5.0-0.2.3',
30 silly addNameRange     '3.5.0-0.2.4',
30 silly addNameRange     '3.5.0-0.2.6',
30 silly addNameRange     '3.5.0-0.2.7',
30 silly addNameRange     '3.6.0-0.2.8',
30 silly addNameRange     '3.6.0-0.2.9',
30 silly addNameRange     '3.6.1-0.2.10',
30 silly addNameRange     '3.6.3-0.2.11',
30 silly addNameRange     '3.6.3-0.2.12',
30 silly addNameRange     '3.6.3-0.2.13',
30 silly addNameRange     '4.0.0',
30 silly addNameRange     '4.0.1-nightly.2014.9.29' ] ]
31 verbose addNamed [ 'cordova', '4.0.0' ]
32 verbose addNamed [ '4.0.0', '4.0.0' ]
33 silly lockFile adfda7a6-cordova-4-0-0 cordova@4.0.0
34 verbose lock cordova@4.0.0 /Users/elambke/.npm/adfda7a6-cordova-4-0-0.lock
35 silly lockFile adfda7a6-cordova-4-0-0 cordova@4.0.0
36 silly lockFile adfda7a6-cordova-4-0-0 cordova@4.0.0
37 silly lockFile de8d9fad-cordova cordova@
38 silly lockFile de8d9fad-cordova cordova@
39 silly resolved [ { name: 'cordova',
39 silly resolved     version: '4.0.0',
39 silly resolved     preferGlobal: 'true',
39 silly resolved     description: 'Cordova command line interface tool',
39 silly resolved     main: 'cordova',
39 silly resolved     engines: { node: '>=0.9.9' },
39 silly resolved     engineStrict: true,
39 silly resolved     bin: { cordova: './bin/cordova' },
39 silly resolved     scripts: { test: 'jasmine-node --captureExceptions --color spec' },
39 silly resolved     repository:
39 silly resolved      { type: 'git',
39 silly resolved        url: 'https://git-wip-us.apache.org/repos/asf/cordova-cli.git' },
39 silly resolved     bugs:
39 silly resolved      { url: 'https://issues.apache.org/jira/browse/CB',
39 silly resolved        email: 'dev@cordova.apache.org' },
39 silly resolved     keywords: [ 'cordova', 'client', 'cli' ],
39 silly resolved     dependencies:
39 silly resolved      { 'cordova-lib': '4.0.0',
39 silly resolved        q: '0.9.7',
39 silly resolved        nopt: '2.2.1',
39 silly resolved        underscore: '1.4.4' },
39 silly resolved     devDependencies: { 'jasmine-node': '1.14.5' },
39 silly resolved     author: { name: 'Anis Kadri' },
39 silly resolved     contributors:
39 silly resolved      [ [Object],
39 silly resolved        [Object],
39 silly resolved        [Object],
39 silly resolved        [Object],
39 silly resolved        [Object],
39 silly resolved        [Object],
39 silly resolved        [Object],
39 silly resolved        [Object],
39 silly resolved        [Object],
39 silly resolved        [Object],
39 silly resolved        [Object],
39 silly resolved        [Object],
39 silly resolved        [Object],
39 silly resolved        [Object],
39 silly resolved        [Object],
39 silly resolved        [Object],
39 silly resolved        [Object],
39 silly resolved        [Object],
39 silly resolved        [Object],
39 silly resolved        [Object],
39 silly resolved        [Object],
39 silly resolved        [Object],
39 silly resolved        [Object],
39 silly resolved        [Object] ],
39 silly resolved     license: 'Apache version 2.0',
39 silly resolved     _id: 'cordova@4.0.0',
39 silly resolved     _shasum: '9d8d139914518233fc3cb20d999eea583a99b2f1',
39 silly resolved     _resolved: 'https://registry.npmjs.org/cordova/-/cordova-4.0.0.tgz',
39 silly resolved     _from: 'cordova@',
39 silly resolved     _npmVersion: '1.4.28',
39 silly resolved     _npmUser: { name: 'stevegill', email: 'stevengill97@gmail.com' },
39 silly resolved     maintainers:
39 silly resolved      [ [Object],
39 silly resolved        [Object],
39 silly resolved        [Object],
39 silly resolved        [Object],
39 silly resolved        [Object],
39 silly resolved        [Object],
39 silly resolved        [Object],
39 silly resolved        [Object],
39 silly resolved        [Object],
39 silly resolved        [Object],
39 silly resolved        [Object],
39 silly resolved        [Object],
39 silly resolved        [Object] ],
39 silly resolved     dist:
39 silly resolved      { shasum: '9d8d139914518233fc3cb20d999eea583a99b2f1',
39 silly resolved        tarball: 'http://registry.npmjs.org/cordova/-/cordova-4.0.0.tgz' },
39 silly resolved     directories: {},
39 silly resolved     readme: 'ERROR: No README data found!' } ]
40 info install cordova@4.0.0 into /usr/local/lib
41 info installOne cordova@4.0.0
42 verbose lib/node_modules/cordova unbuild
43 verbose tar unpack /Users/elambke/.npm/cordova/4.0.0/package.tgz
44 silly lockFile 9557e84b-r-local-lib-node-modules-cordova tar:///usr/local/lib/node_modules/cordova
45 verbose lock tar:///usr/local/lib/node_modules/cordova /Users/elambke/.npm/9557e84b-r-local-lib-node-modules-cordova.lock
46 silly lockFile 3cc1d224-ke-npm-cordova-4-0-0-package-tgz tar:///Users/elambke/.npm/cordova/4.0.0/package.tgz
47 verbose lock tar:///Users/elambke/.npm/cordova/4.0.0/package.tgz /Users/elambke/.npm/3cc1d224-ke-npm-cordova-4-0-0-package-tgz.lock
48 silly gunzTarPerm modes [ '755', '644' ]
49 error Error: EACCES, mkdir '/usr/local/lib/node_modules/cordova'
49 error  { [Error: EACCES, mkdir '/usr/local/lib/node_modules/cordova']
49 error   errno: 3,
49 error   code: 'EACCES',
49 error   path: '/usr/local/lib/node_modules/cordova',
49 error   fstream_type: 'Directory',
49 error   fstream_path: '/usr/local/lib/node_modules/cordova',
49 error   fstream_class: 'DirWriter',
49 error   fstream_stack:
49 error    [ '/usr/local/lib/node_modules/npm/node_modules/fstream/lib/dir-writer.js:36:23',
49 error      '/usr/local/lib/node_modules/npm/node_modules/mkdirp/index.js:46:53',
49 error      'Object.oncomplete (fs.js:107:15)' ] }
50 error Please try running this command again as root/Administrator.
51 error System Darwin 10.8.0
52 error command "node" "/usr/local/bin/npm" "install" "-g" "cordova"
53 error cwd /Users/elambke/Documents/COMP2052/comp2052assignments
54 error node -v v0.10.33
55 error npm -v 1.4.28
56 error path /usr/local/lib/node_modules/cordova
57 error fstream_path /usr/local/lib/node_modules/cordova
58 error fstream_type Directory
59 error fstream_class DirWriter
60 error code EACCES
61 error errno 3
62 error stack Error: EACCES, mkdir '/usr/local/lib/node_modules/cordova'
63 error fstream_stack /usr/local/lib/node_modules/npm/node_modules/fstream/lib/dir-writer.js:36:23
63 error fstream_stack /usr/local/lib/node_modules/npm/node_modules/mkdirp/index.js:46:53
63 error fstream_stack Object.oncomplete (fs.js:107:15)
64 verbose exit [ 3, true ]
